This file contains any messages produced by compilers while
running configure, to aid debugging if configure makes a mistake.

It was created by init configure 0.1, which was
generated by GNU Autoconf 2.69.  Invocation command line was

  $ /home/ibelow/iBelow/repository/init/configure --enable-maintainer-mode CFLAGS=-g -O0 CXXFLAGS=-g -O0 JFLAGS=-g -O0 FFLAGS=-g -O0

## --------- ##
## Platform. ##
## --------- ##

hostname = ibelow-desktop
uname -m = i686
uname -r = 3.13.0-24-generic
uname -s = Linux
uname -v = #47-Ubuntu SMP Fri May 2 23:31:42 UTC 2014

/usr/bin/uname -p = unknown
/bin/uname -X     = unknown

/bin/arch              = unknown
/usr/bin/arch -k       = unknown
/usr/convex/getsysinfo = unknown
/usr/bin/hostinfo      = unknown
/bin/machine           = unknown
/usr/bin/oslevel       = unknown
/bin/universe          = unknown

PATH: /usr/local/sbin
PATH: /usr/local/bin
PATH: /usr/sbin
PATH: /usr/bin
PATH: /sbin
PATH: /bin
PATH: /usr/games
PATH: /usr/local/games


## ----------- ##
## Core tests. ##
## ----------- ##

configure:2436: checking for a BSD-compatible install
configure:2504: result: /usr/bin/install -c
configure:2515: checking whether build environment is sane
configure:2570: result: yes
configure:2721: checking for a thread-safe mkdir -p
configure:2760: result: /bin/mkdir -p
configure:2767: checking for gawk
configure:2783: found /usr/bin/gawk
configure:2794: result: gawk
configure:2805: checking whether make sets $(MAKE)
configure:2827: result: yes
configure:2856: checking whether make supports nested variables
configure:2873: result: yes
configure:3010: checking whether make supports nested variables
configure:3027: result: yes
configure:3097: checking for g++
configure:3113: found /usr/bin/g++
configure:3124: result: g++
configure:3151: checking for C++ compiler version
configure:3160: g++ --version >&5
g++ (Ubuntu 4.8.2-19ubuntu1) 4.8.2
Copyright (C) 2013 Free Software Foundation, Inc.
This is free software; see the source for copying conditions.  There is NO
warranty; not even for MERCHANTABILITY or FITNESS FOR A PARTICULAR PURPOSE.

configure:3171: $? = 0
configure:3160: g++ -v >&5
Using built-in specs.
COLLECT_GCC=g++
COLLECT_LTO_WRAPPER=/usr/lib/gcc/i686-linux-gnu/4.8/lto-wrapper
Target: i686-linux-gnu
Configured with: ../src/configure -v --with-pkgversion='Ubuntu 4.8.2-19ubuntu1' --with-bugurl=file:///usr/share/doc/gcc-4.8/README.Bugs --enable-languages=c,c++,java,go,d,fortran,objc,obj-c++ --prefix=/usr --program-suffix=-4.8 --enable-shared --enable-linker-build-id --libexecdir=/usr/lib --without-included-gettext --enable-threads=posix --with-gxx-include-dir=/usr/include/c++/4.8 --libdir=/usr/lib --enable-nls --with-sysroot=/ --enable-clocale=gnu --enable-libstdcxx-debug --enable-libstdcxx-time=yes --enable-gnu-unique-object --disable-libmudflap --enable-plugin --with-system-zlib --disable-browser-plugin --enable-java-awt=gtk --enable-gtk-cairo --with-java-home=/usr/lib/jvm/java-1.5.0-gcj-4.8-i386/jre --enable-java-home --with-jvm-root-dir=/usr/lib/jvm/java-1.5.0-gcj-4.8-i386 --with-jvm-jar-dir=/usr/lib/jvm-exports/java-1.5.0-gcj-4.8-i386 --with-arch-directory=i386 --with-ecj-jar=/usr/share/java/eclipse-ecj.jar --enable-objc-gc --enable-targets=all --enable-multiarch --disable-werror --with-arch-32=i686 --with-multilib-list=m32,m64,mx32 --with-tune=generic --enable-checking=release --build=i686-linux-gnu --host=i686-linux-gnu --target=i686-linux-gnu
Thread model: posix
gcc version 4.8.2 (Ubuntu 4.8.2-19ubuntu1) 
configure:3171: $? = 0
configure:3160: g++ -V >&5
g++: error: unrecognized command line option '-V'
g++: fatal error: no input files
compilation terminated.
configure:3171: $? = 4
configure:3160: g++ -qversion >&5
g++: error: unrecognized command line option '-qversion'
g++: fatal error: no input files
compilation terminated.
configure:3171: $? = 4
configure:3191: checking whether the C++ compiler works
configure:3213: g++ -g -O0   conftest.cpp  >&5
configure:3217: $? = 0
configure:3265: result: yes
configure:3268: checking for C++ compiler default output file name
configure:3270: result: a.out
configure:3276: checking for suffix of executables
configure:3283: g++ -o conftest -g -O0   conftest.cpp  >&5
configure:3287: $? = 0
configure:3309: result: 
configure:3331: checking whether we are cross compiling
configure:3339: g++ -o conftest -g -O0   conftest.cpp  >&5
configure:3343: $? = 0
configure:3350: ./conftest
configure:3354: $? = 0
configure:3369: result: no
configure:3374: checking for suffix of object files
configure:3396: g++ -c -g -O0  conftest.cpp >&5
configure:3400: $? = 0
configure:3421: result: o
configure:3425: checking whether we are using the GNU C++ compiler
configure:3444: g++ -c -g -O0  conftest.cpp >&5
configure:3444: $? = 0
configure:3453: result: yes
configure:3462: checking whether g++ accepts -g
configure:3482: g++ -c -g  conftest.cpp >&5
configure:3482: $? = 0
configure:3523: result: yes
configure:3557: checking for style of include used by make
configure:3585: result: GNU
configure:3611: checking dependency style of g++
configure:3722: result: gcc3
configure:3742: checking whether NLS is requested
configure:3751: result: yes
configure:3803: checking for gcc
configure:3819: found /usr/bin/gcc
configure:3830: result: gcc
configure:4059: checking for C compiler version
configure:4068: gcc --version >&5
gcc (Ubuntu 4.8.2-19ubuntu1) 4.8.2
Copyright (C) 2013 Free Software Foundation, Inc.
This is free software; see the source for copying conditions.  There is NO
warranty; not even for MERCHANTABILITY or FITNESS FOR A PARTICULAR PURPOSE.

configure:4079: $? = 0
configure:4068: gcc -v >&5
Using built-in specs.
COLLECT_GCC=gcc
COLLECT_LTO_WRAPPER=/usr/lib/gcc/i686-linux-gnu/4.8/lto-wrapper
Target: i686-linux-gnu
Configured with: ../src/configure -v --with-pkgversion='Ubuntu 4.8.2-19ubuntu1' --with-bugurl=file:///usr/share/doc/gcc-4.8/README.Bugs --enable-languages=c,c++,java,go,d,fortran,objc,obj-c++ --prefix=/usr --program-suffix=-4.8 --enable-shared --enable-linker-build-id --libexecdir=/usr/lib --without-included-gettext --enable-threads=posix --with-gxx-include-dir=/usr/include/c++/4.8 --libdir=/usr/lib --enable-nls --with-sysroot=/ --enable-clocale=gnu --enable-libstdcxx-debug --enable-libstdcxx-time=yes --enable-gnu-unique-object --disable-libmudflap --enable-plugin --with-system-zlib --disable-browser-plugin --enable-java-awt=gtk --enable-gtk-cairo --with-java-home=/usr/lib/jvm/java-1.5.0-gcj-4.8-i386/jre --enable-java-home --with-jvm-root-dir=/usr/lib/jvm/java-1.5.0-gcj-4.8-i386 --with-jvm-jar-dir=/usr/lib/jvm-exports/java-1.5.0-gcj-4.8-i386 --with-arch-directory=i386 --with-ecj-jar=/usr/share/java/eclipse-ecj.jar --enable-objc-gc --enable-targets=all --enable-multiarch --disable-werror --with-arch-32=i686 --with-multilib-list=m32,m64,mx32 --with-tune=generic --enable-checking=release --build=i686-linux-gnu --host=i686-linux-gnu --target=i686-linux-gnu
Thread model: posix
gcc version 4.8.2 (Ubuntu 4.8.2-19ubuntu1) 
configure:4079: $? = 0
configure:4068: gcc -V >&5
gcc: error: unrecognized command line option '-V'
gcc: fatal error: no input files
compilation terminated.
configure:4079: $? = 4
configure:4068: gcc -qversion >&5
gcc: error: unrecognized command line option '-qversion'
gcc: fatal error: no input files
compilation terminated.
configure:4079: $? = 4
configure:4083: checking whether we are using the GNU C compiler
configure:4102: gcc -c -g -O0  conftest.c >&5
configure:4102: $? = 0
configure:4111: result: yes
configure:4120: checking whether gcc accepts -g
configure:4140: gcc -c -g  conftest.c >&5
configure:4140: $? = 0
configure:4181: result: yes
configure:4198: checking for gcc option to accept ISO C89
configure:4261: gcc  -c -g -O0  conftest.c >&5
configure:4261: $? = 0
configure:4274: result: none needed
configure:4299: checking whether gcc understands -c and -o together
configure:4321: gcc -c conftest.c -o conftest2.o
configure:4324: $? = 0
configure:4321: gcc -c conftest.c -o conftest2.o
configure:4324: $? = 0
configure:4336: result: yes
configure:4355: checking dependency style of gcc
configure:4466: result: gcc3
configure:4496: checking for intltool >= 0.35.0
configure:4498: result: 0.50.2 found
configure:4506: checking for intltool-update
configure:4524: found /usr/bin/intltool-update
configure:4536: result: /usr/bin/intltool-update
configure:4546: checking for intltool-merge
configure:4564: found /usr/bin/intltool-merge
configure:4576: result: /usr/bin/intltool-merge
configure:4586: checking for intltool-extract
configure:4604: found /usr/bin/intltool-extract
configure:4616: result: /usr/bin/intltool-extract
configure:4770: checking for xgettext
configure:4788: found /usr/bin/xgettext
configure:4800: result: /usr/bin/xgettext
configure:4810: checking for msgmerge
configure:4828: found /usr/bin/msgmerge
configure:4840: result: /usr/bin/msgmerge
configure:4850: checking for msgfmt
configure:4868: found /usr/bin/msgfmt
configure:4880: result: /usr/bin/msgfmt
configure:4890: checking for gmsgfmt
configure:4921: result: /usr/bin/msgfmt
configure:4941: checking for perl
configure:4959: found /usr/bin/perl
configure:4971: result: /usr/bin/perl
configure:4982: checking for perl >= 5.8.1
configure:4989: result: 5.18.2
configure:4993: checking for XML::Parser
configure:4996: result: ok
configure:5021: gcc -o conftest -g -O0   conftest.c  >&5
configure:5021: $? = 0
configure:5060: checking how to run the C preprocessor
configure:5091: gcc -E  conftest.c
configure:5091: $? = 0
configure:5105: gcc -E  conftest.c
conftest.c:12:28: fatal error: ac_nonexistent.h: No such file or directory
 #include <ac_nonexistent.h>
                            ^
compilation terminated.
configure:5105: $? = 1
configure: failed program was:
| /* confdefs.h */
| #define PACKAGE_NAME "init"
| #define PACKAGE_TARNAME "init"
| #define PACKAGE_VERSION "0.1"
| #define PACKAGE_STRING "init 0.1"
| #define PACKAGE_BUGREPORT ""
| #define PACKAGE_URL ""
| #define PACKAGE "init"
| #define VERSION "0.1"
| #define GETTEXT_PACKAGE "init"
| /* end confdefs.h.  */
| #include <ac_nonexistent.h>
configure:5130: result: gcc -E
configure:5150: gcc -E  conftest.c
configure:5150: $? = 0
configure:5164: gcc -E  conftest.c
conftest.c:12:28: fatal error: ac_nonexistent.h: No such file or directory
 #include <ac_nonexistent.h>
                            ^
compilation terminated.
configure:5164: $? = 1
configure: failed program was:
| /* confdefs.h */
| #define PACKAGE_NAME "init"
| #define PACKAGE_TARNAME "init"
| #define PACKAGE_VERSION "0.1"
| #define PACKAGE_STRING "init 0.1"
| #define PACKAGE_BUGREPORT ""
| #define PACKAGE_URL ""
| #define PACKAGE "init"
| #define VERSION "0.1"
| #define GETTEXT_PACKAGE "init"
| /* end confdefs.h.  */
| #include <ac_nonexistent.h>
configure:5193: checking for grep that handles long lines and -e
configure:5251: result: /bin/grep
configure:5256: checking for egrep
configure:5318: result: /bin/grep -E
configure:5323: checking for ANSI C header files
configure:5343: gcc -c -g -O0  conftest.c >&5
configure:5343: $? = 0
configure:5416: gcc -o conftest -g -O0   conftest.c  >&5
configure:5416: $? = 0
configure:5416: ./conftest
configure:5416: $? = 0
configure:5427: result: yes
configure:5440: checking for sys/types.h
configure:5440: gcc -c -g -O0  conftest.c >&5
configure:5440: $? = 0
configure:5440: result: yes
configure:5440: checking for sys/stat.h
configure:5440: gcc -c -g -O0  conftest.c >&5
configure:5440: $? = 0
configure:5440: result: yes
configure:5440: checking for stdlib.h
configure:5440: gcc -c -g -O0  conftest.c >&5
configure:5440: $? = 0
configure:5440: result: yes
configure:5440: checking for string.h
configure:5440: gcc -c -g -O0  conftest.c >&5
configure:5440: $? = 0
configure:5440: result: yes
configure:5440: checking for memory.h
configure:5440: gcc -c -g -O0  conftest.c >&5
configure:5440: $? = 0
configure:5440: result: yes
configure:5440: checking for strings.h
configure:5440: gcc -c -g -O0  conftest.c >&5
configure:5440: $? = 0
configure:5440: result: yes
configure:5440: checking for inttypes.h
configure:5440: gcc -c -g -O0  conftest.c >&5
configure:5440: $? = 0
configure:5440: result: yes
configure:5440: checking for stdint.h
configure:5440: gcc -c -g -O0  conftest.c >&5
configure:5440: $? = 0
configure:5440: result: yes
configure:5440: checking for unistd.h
configure:5440: gcc -c -g -O0  conftest.c >&5
configure:5440: $? = 0
configure:5440: result: yes
configure:5455: checking locale.h usability
configure:5455: gcc -c -g -O0  conftest.c >&5
configure:5455: $? = 0
configure:5455: result: yes
configure:5455: checking locale.h presence
configure:5455: gcc -E  conftest.c
configure:5455: $? = 0
configure:5455: result: yes
configure:5455: checking for locale.h
configure:5455: result: yes
configure:5466: checking for LC_MESSAGES
configure:5482: gcc -o conftest -g -O0   conftest.c  >&5
configure:5482: $? = 0
configure:5490: result: yes
configure:5507: checking libintl.h usability
configure:5507: gcc -c -g -O0  conftest.c >&5
configure:5507: $? = 0
configure:5507: result: yes
configure:5507: checking libintl.h presence
configure:5507: gcc -E  conftest.c
configure:5507: $? = 0
configure:5507: result: yes
configure:5507: checking for libintl.h
configure:5507: result: yes
configure:5515: checking for ngettext in libc
configure:5533: gcc -o conftest -g -O0   conftest.c  >&5
configure:5533: $? = 0
configure:5542: result: yes
configure:5546: checking for dgettext in libc
configure:5564: gcc -o conftest -g -O0   conftest.c  >&5
configure:5564: $? = 0
configure:5573: result: yes
configure:5580: checking for bind_textdomain_codeset
configure:5580: gcc -o conftest -g -O0   conftest.c  >&5
configure:5580: $? = 0
configure:5580: result: yes
configure:5856: checking for msgfmt
configure:5883: result: /usr/bin/msgfmt
configure:5894: checking for dcgettext
configure:5894: gcc -o conftest -g -O0   conftest.c   >&5
conftest.c:49:6: warning: conflicting types for built-in function 'dcgettext' [enabled by default]
 char dcgettext ();
      ^
configure:5894: $? = 0
configure:5894: result: yes
configure:5904: checking if msgfmt accepts -c
configure:5919: $MSGFMT -c -o /dev/null conftest.foo
conftest.foo:3: warning: header field 'Language' missing in header
configure:5922: $? = 0
configure:5924: result: yes
configure:5934: checking for gmsgfmt
configure:5965: result: /usr/bin/msgfmt
configure:5975: checking for xgettext
configure:6002: result: /usr/bin/xgettext
configure:6021: gcc -o conftest -g -O0   conftest.c   >&5
configure:6021: $? = 0
configure:6167: checking build system type
configure:6181: result: i686-pc-linux-gnu
configure:6201: checking host system type
configure:6214: result: i686-pc-linux-gnu
configure:6313: checking how to print strings
configure:6340: result: printf
configure:6361: checking for a sed that does not truncate output
configure:6425: result: /bin/sed
configure:6443: checking for fgrep
configure:6505: result: /bin/grep -F
configure:6540: checking for ld used by gcc
configure:6607: result: /usr/bin/ld
configure:6614: checking if the linker (/usr/bin/ld) is GNU ld
configure:6629: result: yes
configure:6641: checking for BSD- or MS-compatible name lister (nm)
configure:6690: result: /usr/bin/nm -B
configure:6820: checking the name lister (/usr/bin/nm -B) interface
configure:6827: gcc -c -g -O0  conftest.c >&5
configure:6830: /usr/bin/nm -B "conftest.o"
configure:6833: output
00000000 B some_variable
configure:6840: result: BSD nm
configure:6843: checking whether ln -s works
configure:6847: result: yes
configure:6855: checking the maximum length of command line arguments
configure:6986: result: 1572864
configure:7003: checking whether the shell understands some XSI constructs
configure:7013: result: yes
configure:7017: checking whether the shell understands "+="
configure:7023: result: yes
configure:7058: checking how to convert i686-pc-linux-gnu file names to i686-pc-linux-gnu format
configure:7098: result: func_convert_file_noop
configure:7105: checking how to convert i686-pc-linux-gnu file names to toolchain format
configure:7125: result: func_convert_file_noop
configure:7132: checking for /usr/bin/ld option to reload object files
configure:7139: result: -r
configure:7213: checking for objdump
configure:7229: found /usr/bin/objdump
configure:7240: result: objdump
configure:7269: checking how to recognize dependent libraries
configure:7467: result: pass_all
configure:7552: checking for dlltool
configure:7582: result: no
configure:7609: checking how to associate runtime and link libraries
configure:7636: result: printf %s\n
configure:7696: checking for ar
configure:7712: found /usr/bin/ar
configure:7723: result: ar
configure:7760: checking for archiver @FILE support
configure:7777: gcc -c -g -O0  conftest.c >&5
configure:7777: $? = 0
configure:7780: ar cru libconftest.a @conftest.lst >&5
configure:7783: $? = 0
configure:7788: ar cru libconftest.a @conftest.lst >&5
ar: conftest.o: No such file or directory
configure:7791: $? = 1
configure:7803: result: @
configure:7861: checking for strip
configure:7877: found /usr/bin/strip
configure:7888: result: strip
configure:7960: checking for ranlib
configure:7976: found /usr/bin/ranlib
configure:7987: result: ranlib
configure:8089: checking command to parse /usr/bin/nm -B output from gcc object
configure:8209: gcc -c -g -O0  conftest.c >&5
configure:8212: $? = 0
configure:8216: /usr/bin/nm -B conftest.o \| sed -n -e 's/^.*[ ]\([ABCDGIRSTW][ABCDGIRSTW]*\)[ ][ ]*\([_A-Za-z][_A-Za-z0-9]*\)$/\1 \2 \2/p' | sed '/ __gnu_lto/d' \> conftest.nm
configure:8219: $? = 0
configure:8285: gcc -o conftest -g -O0   conftest.c conftstm.o >&5
configure:8288: $? = 0
configure:8326: result: ok
configure:8363: checking for sysroot
configure:8393: result: no
configure:8662: checking for mt
configure:8678: found /bin/mt
configure:8689: result: mt
configure:8712: checking if mt is a manifest tool
configure:8718: mt '-?'
configure:8726: result: no
configure:9365: checking for dlfcn.h
configure:9365: gcc -c -g -O0  conftest.c >&5
configure:9365: $? = 0
configure:9365: result: yes
configure:9880: checking for objdir
configure:9895: result: .libs
configure:10162: checking if gcc supports -fno-rtti -fno-exceptions
configure:10180: gcc -c -g -O0  -fno-rtti -fno-exceptions conftest.c >&5
cc1: warning: command line option '-fno-rtti' is valid for C++/ObjC++ but not for C [enabled by default]
configure:10184: $? = 0
configure:10197: result: no
configure:10524: checking for gcc option to produce PIC
configure:10531: result: -fPIC -DPIC
configure:10539: checking if gcc PIC flag -fPIC -DPIC works
configure:10557: gcc -c -g -O0  -fPIC -DPIC -DPIC conftest.c >&5
configure:10561: $? = 0
configure:10574: result: yes
configure:10603: checking if gcc static flag -static works
configure:10631: result: yes
configure:10646: checking if gcc supports -c -o file.o
configure:10667: gcc -c -g -O0  -o out/conftest2.o conftest.c >&5
configure:10671: $? = 0
configure:10693: result: yes
configure:10701: checking if gcc supports -c -o file.o
configure:10748: result: yes
configure:10781: checking whether the gcc linker (/usr/bin/ld) supports shared libraries
configure:11938: result: yes
configure:11975: checking whether -lc should be explicitly linked in
configure:11983: gcc -c -g -O0  conftest.c >&5
configure:11986: $? = 0
configure:12001: gcc -shared  -fPIC -DPIC conftest.o  -v -Wl,-soname -Wl,conftest -o conftest 2\>\&1 \| /bin/grep  -lc  \>/dev/null 2\>\&1
configure:12004: $? = 0
configure:12018: result: no
configure:12178: checking dynamic linker characteristics
configure:12678: gcc -o conftest -g -O0   -Wl,-rpath -Wl,/foo conftest.c  >&5
configure:12678: $? = 0
configure:12912: result: GNU/Linux ld.so
configure:13019: checking how to hardcode library paths into programs
configure:13044: result: immediate
configure:13584: checking whether stripping libraries is possible
configure:13589: result: yes
configure:13624: checking if libtool supports shared libraries
configure:13626: result: yes
configure:13629: checking whether to build shared libraries
configure:13650: result: yes
configure:13653: checking whether to build static libraries
configure:13657: result: yes
configure:13680: checking how to run the C++ preprocessor
configure:13707: g++ -E  conftest.cpp
configure:13707: $? = 0
configure:13721: g++ -E  conftest.cpp
conftest.cpp:30:28: fatal error: ac_nonexistent.h: No such file or directory
 #include <ac_nonexistent.h>
                            ^
compilation terminated.
configure:13721: $? = 1
configure: failed program was:
| /* confdefs.h */
| #define PACKAGE_NAME "init"
| #define PACKAGE_TARNAME "init"
| #define PACKAGE_VERSION "0.1"
| #define PACKAGE_STRING "init 0.1"
| #define PACKAGE_BUGREPORT ""
| #define PACKAGE_URL ""
| #define PACKAGE "init"
| #define VERSION "0.1"
| #define GETTEXT_PACKAGE "init"
| #define STDC_HEADERS 1
| #define HAVE_SYS_TYPES_H 1
| #define HAVE_SYS_STAT_H 1
| #define HAVE_STDLIB_H 1
| #define HAVE_STRING_H 1
| #define HAVE_MEMORY_H 1
| #define HAVE_STRINGS_H 1
| #define HAVE_INTTYPES_H 1
| #define HAVE_STDINT_H 1
| #define HAVE_UNISTD_H 1
| #define HAVE_LOCALE_H 1
| #define HAVE_LC_MESSAGES 1
| #define HAVE_BIND_TEXTDOMAIN_CODESET 1
| #define HAVE_GETTEXT 1
| #define HAVE_DCGETTEXT 1
| #define ENABLE_NLS 1
| #define HAVE_DLFCN_H 1
| #define LT_OBJDIR ".libs/"
| /* end confdefs.h.  */
| #include <ac_nonexistent.h>
configure:13746: result: g++ -E
configure:13766: g++ -E  conftest.cpp
configure:13766: $? = 0
configure:13780: g++ -E  conftest.cpp
conftest.cpp:30:28: fatal error: ac_nonexistent.h: No such file or directory
 #include <ac_nonexistent.h>
                            ^
compilation terminated.
configure:13780: $? = 1
configure: failed program was:
| /* confdefs.h */
| #define PACKAGE_NAME "init"
| #define PACKAGE_TARNAME "init"
| #define PACKAGE_VERSION "0.1"
| #define PACKAGE_STRING "init 0.1"
| #define PACKAGE_BUGREPORT ""
| #define PACKAGE_URL ""
| #define PACKAGE "init"
| #define VERSION "0.1"
| #define GETTEXT_PACKAGE "init"
| #define STDC_HEADERS 1
| #define HAVE_SYS_TYPES_H 1
| #define HAVE_SYS_STAT_H 1
| #define HAVE_STDLIB_H 1
| #define HAVE_STRING_H 1
| #define HAVE_MEMORY_H 1
| #define HAVE_STRINGS_H 1
| #define HAVE_INTTYPES_H 1
| #define HAVE_STDINT_H 1
| #define HAVE_UNISTD_H 1
| #define HAVE_LOCALE_H 1
| #define HAVE_LC_MESSAGES 1
| #define HAVE_BIND_TEXTDOMAIN_CODESET 1
| #define HAVE_GETTEXT 1
| #define HAVE_DCGETTEXT 1
| #define ENABLE_NLS 1
| #define HAVE_DLFCN_H 1
| #define LT_OBJDIR ".libs/"
| /* end confdefs.h.  */
| #include <ac_nonexistent.h>
configure:13949: checking for ld used by g++
configure:14016: result: /usr/bin/ld
configure:14023: checking if the linker (/usr/bin/ld) is GNU ld
configure:14038: result: yes
configure:14093: checking whether the g++ linker (/usr/bin/ld) supports shared libraries
configure:15095: result: yes
configure:15131: g++ -c -g -O0  conftest.cpp >&5
configure:15134: $? = 0
configure:15654: checking for g++ option to produce PIC
configure:15661: result: -fPIC -DPIC
configure:15669: checking if g++ PIC flag -fPIC -DPIC works
configure:15687: g++ -c -g -O0  -fPIC -DPIC -DPIC conftest.cpp >&5
configure:15691: $? = 0
configure:15704: result: yes
configure:15727: checking if g++ static flag -static works
configure:15755: result: yes
configure:15767: checking if g++ supports -c -o file.o
configure:15788: g++ -c -g -O0  -o out/conftest2.o conftest.cpp >&5
configure:15792: $? = 0
configure:15814: result: yes
configure:15819: checking if g++ supports -c -o file.o
configure:15866: result: yes
configure:15896: checking whether the g++ linker (/usr/bin/ld) supports shared libraries
configure:15935: result: yes
configure:16076: checking dynamic linker characteristics
configure:16744: result: GNU/Linux ld.so
configure:16797: checking how to hardcode library paths into programs
configure:16822: result: immediate
configure:16999: checking that generated files are newer than configure
configure:17005: result: done
configure:17044: creating ./config.status

## ---------------------- ##
## Running config.status. ##
## ---------------------- ##

This file was extended by init config.status 0.1, which was
generated by GNU Autoconf 2.69.  Invocation command line was

  CONFIG_FILES    = 
  CONFIG_HEADERS  = 
  CONFIG_LINKS    = 
  CONFIG_COMMANDS = 
  $ ./config.status 

on ibelow-desktop

config.status:1228: creating Makefile
config.status:1228: creating src/Makefile
config.status:1228: creating po/Makefile.in
config.status:1228: creating config.h
config.status:1442: executing depfiles commands
config.status:1442: executing default-1 commands
config.status:1442: executing libtool commands
config.status:1442: executing po/stamp-it commands
configure:19562: WARNING: unrecognized options: --enable-maintainer-mode

## ---------------- ##
## Cache variables. ##
## ---------------- ##

ac_cv_build=i686-pc-linux-gnu
ac_cv_c_compiler_gnu=yes
ac_cv_cxx_compiler_gnu=yes
ac_cv_env_CCC_set=
ac_cv_env_CCC_value=
ac_cv_env_CC_set=
ac_cv_env_CC_value=
ac_cv_env_CFLAGS_set=set
ac_cv_env_CFLAGS_value='-g -O0'
ac_cv_env_CPPFLAGS_set=
ac_cv_env_CPPFLAGS_value=
ac_cv_env_CPP_set=
ac_cv_env_CPP_value=
ac_cv_env_CXXCPP_set=
ac_cv_env_CXXCPP_value=
ac_cv_env_CXXFLAGS_set=set
ac_cv_env_CXXFLAGS_value='-g -O0'
ac_cv_env_CXX_set=
ac_cv_env_CXX_value=
ac_cv_env_LDFLAGS_set=
ac_cv_env_LDFLAGS_value=
ac_cv_env_LIBS_set=
ac_cv_env_LIBS_value=
ac_cv_env_build_alias_set=
ac_cv_env_build_alias_value=
ac_cv_env_host_alias_set=
ac_cv_env_host_alias_value=
ac_cv_env_target_alias_set=
ac_cv_env_target_alias_value=
ac_cv_func_bind_textdomain_codeset=yes
ac_cv_func_dcgettext=yes
ac_cv_header_dlfcn_h=yes
ac_cv_header_inttypes_h=yes
ac_cv_header_libintl_h=yes
ac_cv_header_locale_h=yes
ac_cv_header_memory_h=yes
ac_cv_header_stdc=yes
ac_cv_header_stdint_h=yes
ac_cv_header_stdlib_h=yes
ac_cv_header_string_h=yes
ac_cv_header_strings_h=yes
ac_cv_header_sys_stat_h=yes
ac_cv_header_sys_types_h=yes
ac_cv_header_unistd_h=yes
ac_cv_host=i686-pc-linux-gnu
ac_cv_objext=o
ac_cv_path_EGREP='/bin/grep -E'
ac_cv_path_FGREP='/bin/grep -F'
ac_cv_path_GMSGFMT=/usr/bin/msgfmt
ac_cv_path_GREP=/bin/grep
ac_cv_path_INTLTOOL_EXTRACT=/usr/bin/intltool-extract
ac_cv_path_INTLTOOL_MERGE=/usr/bin/intltool-merge
ac_cv_path_INTLTOOL_PERL=/usr/bin/perl
ac_cv_path_INTLTOOL_UPDATE=/usr/bin/intltool-update
ac_cv_path_MSGFMT=/usr/bin/msgfmt
ac_cv_path_MSGMERGE=/usr/bin/msgmerge
ac_cv_path_SED=/bin/sed
ac_cv_path_XGETTEXT=/usr/bin/xgettext
ac_cv_path_install='/usr/bin/install -c'
ac_cv_path_mkdir=/bin/mkdir
ac_cv_prog_AWK=gawk
ac_cv_prog_CPP='gcc -E'
ac_cv_prog_CXXCPP='g++ -E'
ac_cv_prog_ac_ct_AR=ar
ac_cv_prog_ac_ct_CC=gcc
ac_cv_prog_ac_ct_CXX=g++
ac_cv_prog_ac_ct_MANIFEST_TOOL=mt
ac_cv_prog_ac_ct_OBJDUMP=objdump
ac_cv_prog_ac_ct_RANLIB=ranlib
ac_cv_prog_ac_ct_STRIP=strip
ac_cv_prog_cc_c89=
ac_cv_prog_cc_g=yes
ac_cv_prog_cxx_g=yes
ac_cv_prog_make_make_set=yes
am_cv_CC_dependencies_compiler_type=gcc3
am_cv_CXX_dependencies_compiler_type=gcc3
am_cv_make_support_nested_variables=yes
am_cv_prog_cc_c_o=yes
am_cv_val_LC_MESSAGES=yes
gt_cv_func_dgettext_libc=yes
gt_cv_func_dgettext_libintl=no
gt_cv_func_ngettext_libc=yes
gt_cv_have_gettext=yes
lt_cv_ar_at_file=@
lt_cv_archive_cmds_need_lc=no
lt_cv_deplibs_check_method=pass_all
lt_cv_file_magic_cmd='$MAGIC_CMD'
lt_cv_file_magic_test_file=
lt_cv_ld_reload_flag=-r
lt_cv_nm_interface='BSD nm'
lt_cv_objdir=.libs
lt_cv_path_LD=/usr/bin/ld
lt_cv_path_LDCXX=/usr/bin/ld
lt_cv_path_NM='/usr/bin/nm -B'
lt_cv_path_mainfest_tool=no
lt_cv_prog_compiler_c_o=yes
lt_cv_prog_compiler_c_o_CXX=yes
lt_cv_prog_compiler_pic='-fPIC -DPIC'
lt_cv_prog_compiler_pic_CXX='-fPIC -DPIC'
lt_cv_prog_compiler_pic_works=yes
lt_cv_prog_compiler_pic_works_CXX=yes
lt_cv_prog_compiler_rtti_exceptions=no
lt_cv_prog_compiler_static_works=yes
lt_cv_prog_compiler_static_works_CXX=yes
lt_cv_prog_gnu_ld=yes
lt_cv_prog_gnu_ldcxx=yes
lt_cv_sharedlib_from_linklib_cmd='printf %s\n'
lt_cv_shlibpath_overrides_runpath=no
lt_cv_sys_global_symbol_pipe='sed -n -e '\''s/^.*[	 ]\([ABCDGIRSTW][ABCDGIRSTW]*\)[	 ][	 ]*\([_A-Za-z][_A-Za-z0-9]*\)$/\1 \2 \2/p'\'' | sed '\''/ __gnu_lto/d'\'''
lt_cv_sys_global_symbol_to_c_name_address='sed -n -e '\''s/^: \([^ ]*\)[ ]*$/  {\"\1\", (void *) 0},/p'\'' -e '\''s/^[ABCDGIRSTW]* \([^ ]*\) \([^ ]*\)$/  {"\2", (void *) \&\2},/p'\'''
lt_cv_sys_global_symbol_to_c_name_address_lib_prefix='sed -n -e '\''s/^: \([^ ]*\)[ ]*$/  {\"\1\", (void *) 0},/p'\'' -e '\''s/^[ABCDGIRSTW]* \([^ ]*\) \(lib[^ ]*\)$/  {"\2", (void *) \&\2},/p'\'' -e '\''s/^[ABCDGIRSTW]* \([^ ]*\) \([^ ]*\)$/  {"lib\2", (void *) \&\2},/p'\'''
lt_cv_sys_global_symbol_to_cdecl='sed -n -e '\''s/^T .* \(.*\)$/extern int \1();/p'\'' -e '\''s/^[ABCDGIRSTW]* .* \(.*\)$/extern char \1;/p'\'''
lt_cv_sys_max_cmd_len=1572864
lt_cv_to_host_file_cmd=func_convert_file_noop
lt_cv_to_tool_file_cmd=func_convert_file_noop

## ----------------- ##
## Output variables. ##
## ----------------- ##

ACLOCAL='${SHELL} /home/ibelow/iBelow/repository/init/missing aclocal-1.14'
ALL_LINGUAS=''
AMDEPBACKSLASH='\'
AMDEP_FALSE='#'
AMDEP_TRUE=''
AMTAR='$${TAR-tar}'
AM_BACKSLASH='\'
AM_DEFAULT_V='$(AM_DEFAULT_VERBOSITY)'
AM_DEFAULT_VERBOSITY='0'
AM_V='$(V)'
AR='ar'
AS='as'
AUTOCONF='${SHELL} /home/ibelow/iBelow/repository/init/missing autoconf'
AUTOHEADER='${SHELL} /home/ibelow/iBelow/repository/init/missing autoheader'
AUTOMAKE='${SHELL} /home/ibelow/iBelow/repository/init/missing automake-1.14'
AWK='gawk'
CATALOGS=''
CATOBJEXT='.gmo'
CC='gcc'
CCDEPMODE='depmode=gcc3'
CFLAGS='-g -O0'
CPP='gcc -E'
CPPFLAGS=''
CXX='g++'
CXXCPP='g++ -E'
CXXDEPMODE='depmode=gcc3'
CXXFLAGS='-g -O0'
CYGPATH_W='echo'
DATADIRNAME='share'
DEFS='-DHAVE_CONFIG_H'
DEPDIR='.deps'
DLLTOOL='false'
DSYMUTIL=''
DUMPBIN=''
ECHO_C=''
ECHO_N='-n'
ECHO_T=''
EGREP='/bin/grep -E'
EXEEXT=''
FGREP='/bin/grep -F'
GETTEXT_PACKAGE='init'
GMOFILES=''
GMSGFMT='/usr/bin/msgfmt'
GREP='/bin/grep'
INSTALL_DATA='${INSTALL} -m 644'
INSTALL_PROGRAM='${INSTALL}'
INSTALL_SCRIPT='${INSTALL}'
INSTALL_STRIP_PROGRAM='$(install_sh) -c -s'
INSTOBJEXT='.mo'
INTLLIBS=''
INTLTOOL_CAVES_RULE='%.caves:     %.caves.in     $(INTLTOOL_MERGE) $(wildcard $(top_srcdir)/po/*.po) ; $(INTLTOOL_V_MERGE)LC_ALL=C $(INTLTOOL_MERGE) $(INTLTOOL_V_MERGE_OPTIONS) -d -u -c $(top_builddir)/po/.intltool-merge-cache $(top_srcdir)/po $< $@'
INTLTOOL_DESKTOP_RULE='%.desktop:   %.desktop.in   $(INTLTOOL_MERGE) $(wildcard $(top_srcdir)/po/*.po) ; $(INTLTOOL_V_MERGE)LC_ALL=C $(INTLTOOL_MERGE) $(INTLTOOL_V_MERGE_OPTIONS) -d -u -c $(top_builddir)/po/.intltool-merge-cache $(top_srcdir)/po $< $@'
INTLTOOL_DIRECTORY_RULE='%.directory: %.directory.in $(INTLTOOL_MERGE) $(wildcard $(top_srcdir)/po/*.po) ; $(INTLTOOL_V_MERGE)LC_ALL=C $(INTLTOOL_MERGE) $(INTLTOOL_V_MERGE_OPTIONS) -d -u -c $(top_builddir)/po/.intltool-merge-cache $(top_srcdir)/po $< $@'
INTLTOOL_EXTRACT='/usr/bin/intltool-extract'
INTLTOOL_KBD_RULE='%.kbd:       %.kbd.in       $(INTLTOOL_MERGE) $(wildcard $(top_srcdir)/po/*.po) ; $(INTLTOOL_V_MERGE)LC_ALL=C $(INTLTOOL_MERGE) $(INTLTOOL_V_MERGE_OPTIONS) -x -u -m -c $(top_builddir)/po/.intltool-merge-cache $(top_srcdir)/po $< $@'
INTLTOOL_KEYS_RULE='%.keys:      %.keys.in      $(INTLTOOL_MERGE) $(wildcard $(top_srcdir)/po/*.po) ; $(INTLTOOL_V_MERGE)LC_ALL=C $(INTLTOOL_MERGE) $(INTLTOOL_V_MERGE_OPTIONS) -k -u -c $(top_builddir)/po/.intltool-merge-cache $(top_srcdir)/po $< $@'
INTLTOOL_MERGE='/usr/bin/intltool-merge'
INTLTOOL_OAF_RULE='%.oaf:       %.oaf.in       $(INTLTOOL_MERGE) $(wildcard $(top_srcdir)/po/*.po) ; $(INTLTOOL_V_MERGE)LC_ALL=C $(INTLTOOL_MERGE) $(INTLTOOL_V_MERGE_OPTIONS) -o -p $(top_srcdir)/po $< $@'
INTLTOOL_PERL='/usr/bin/perl'
INTLTOOL_POLICY_RULE='%.policy:    %.policy.in    $(INTLTOOL_MERGE) $(wildcard $(top_srcdir)/po/*.po) ; $(INTLTOOL_V_MERGE)LC_ALL=C $(INTLTOOL_MERGE) $(INTLTOOL_V_MERGE_OPTIONS) -x -u -c $(top_builddir)/po/.intltool-merge-cache $(top_srcdir)/po $< $@'
INTLTOOL_PONG_RULE='%.pong:      %.pong.in      $(INTLTOOL_MERGE) $(wildcard $(top_srcdir)/po/*.po) ; $(INTLTOOL_V_MERGE)LC_ALL=C $(INTLTOOL_MERGE) $(INTLTOOL_V_MERGE_OPTIONS) -x -u -c $(top_builddir)/po/.intltool-merge-cache $(top_srcdir)/po $< $@'
INTLTOOL_PROP_RULE='%.prop:      %.prop.in      $(INTLTOOL_MERGE) $(wildcard $(top_srcdir)/po/*.po) ; $(INTLTOOL_V_MERGE)LC_ALL=C $(INTLTOOL_MERGE) $(INTLTOOL_V_MERGE_OPTIONS) -d -u -c $(top_builddir)/po/.intltool-merge-cache $(top_srcdir)/po $< $@'
INTLTOOL_SCHEMAS_RULE='%.schemas:   %.schemas.in   $(INTLTOOL_MERGE) $(wildcard $(top_srcdir)/po/*.po) ; $(INTLTOOL_V_MERGE)LC_ALL=C $(INTLTOOL_MERGE) $(INTLTOOL_V_MERGE_OPTIONS) -s -u -c $(top_builddir)/po/.intltool-merge-cache $(top_srcdir)/po $< $@'
INTLTOOL_SERVER_RULE='%.server:    %.server.in    $(INTLTOOL_MERGE) $(wildcard $(top_srcdir)/po/*.po) ; $(INTLTOOL_V_MERGE)LC_ALL=C $(INTLTOOL_MERGE) $(INTLTOOL_V_MERGE_OPTIONS) -o -u -c $(top_builddir)/po/.intltool-merge-cache $(top_srcdir)/po $< $@'
INTLTOOL_SERVICE_RULE='%.service: %.service.in   $(INTLTOOL_MERGE) $(wildcard $(top_srcdir)/po/*.po) ; $(INTLTOOL_V_MERGE)LC_ALL=C $(INTLTOOL_MERGE) $(INTLTOOL_V_MERGE_OPTIONS) -d -u -c $(top_builddir)/po/.intltool-merge-cache $(top_srcdir)/po $< $@'
INTLTOOL_SHEET_RULE='%.sheet:     %.sheet.in     $(INTLTOOL_MERGE) $(wildcard $(top_srcdir)/po/*.po) ; $(INTLTOOL_V_MERGE)LC_ALL=C $(INTLTOOL_MERGE) $(INTLTOOL_V_MERGE_OPTIONS) -x -u -c $(top_builddir)/po/.intltool-merge-cache $(top_srcdir)/po $< $@'
INTLTOOL_SOUNDLIST_RULE='%.soundlist: %.soundlist.in $(INTLTOOL_MERGE) $(wildcard $(top_srcdir)/po/*.po) ; $(INTLTOOL_V_MERGE)LC_ALL=C $(INTLTOOL_MERGE) $(INTLTOOL_V_MERGE_OPTIONS) -d -u -c $(top_builddir)/po/.intltool-merge-cache $(top_srcdir)/po $< $@'
INTLTOOL_THEME_RULE='%.theme:     %.theme.in     $(INTLTOOL_MERGE) $(wildcard $(top_srcdir)/po/*.po) ; $(INTLTOOL_V_MERGE)LC_ALL=C $(INTLTOOL_MERGE) $(INTLTOOL_V_MERGE_OPTIONS) -d -u -c $(top_builddir)/po/.intltool-merge-cache $(top_srcdir)/po $< $@'
INTLTOOL_UI_RULE='%.ui:        %.ui.in        $(INTLTOOL_MERGE) $(wildcard $(top_srcdir)/po/*.po) ; $(INTLTOOL_V_MERGE)LC_ALL=C $(INTLTOOL_MERGE) $(INTLTOOL_V_MERGE_OPTIONS) -x -u -c $(top_builddir)/po/.intltool-merge-cache $(top_srcdir)/po $< $@'
INTLTOOL_UPDATE='/usr/bin/intltool-update'
INTLTOOL_V_MERGE='$(INTLTOOL__v_MERGE_$(V))'
INTLTOOL_V_MERGE_OPTIONS='$(intltool__v_merge_options_$(V))'
INTLTOOL_XAM_RULE='%.xam:       %.xml.in       $(INTLTOOL_MERGE) $(wildcard $(top_srcdir)/po/*.po) ; $(INTLTOOL_V_MERGE)LC_ALL=C $(INTLTOOL_MERGE) $(INTLTOOL_V_MERGE_OPTIONS) -x -u -c $(top_builddir)/po/.intltool-merge-cache $(top_srcdir)/po $< $@'
INTLTOOL_XML_NOMERGE_RULE='%.xml:       %.xml.in       $(INTLTOOL_MERGE) ; $(INTLTOOL_V_MERGE)LC_ALL=C $(INTLTOOL_MERGE) $(INTLTOOL_V_MERGE_OPTIONS) -x -u --no-translations $< $@'
INTLTOOL_XML_RULE='%.xml:       %.xml.in       $(INTLTOOL_MERGE) $(wildcard $(top_srcdir)/po/*.po) ; $(INTLTOOL_V_MERGE)LC_ALL=C $(INTLTOOL_MERGE) $(INTLTOOL_V_MERGE_OPTIONS) -x -u -c $(top_builddir)/po/.intltool-merge-cache $(top_srcdir)/po $< $@'
INTLTOOL__v_MERGE_0='@echo "  ITMRG " $@;'
INTLTOOL__v_MERGE_='$(INTLTOOL__v_MERGE_$(AM_DEFAULT_VERBOSITY))'
LD='/usr/bin/ld'
LDFLAGS=''
LIBOBJS=''
LIBS=''
LIBTOOL='$(SHELL) $(top_builddir)/libtool'
LIPO=''
LN_S='ln -s'
LTLIBOBJS=''
MAKEINFO='${SHELL} /home/ibelow/iBelow/repository/init/missing makeinfo'
MANIFEST_TOOL=':'
MKDIR_P='/bin/mkdir -p'
MKINSTALLDIRS='/home/ibelow/iBelow/repository/init/mkinstalldirs'
MSGFMT='/usr/bin/msgfmt'
MSGFMT_OPTS='-c'
MSGMERGE='/usr/bin/msgmerge'
NATIVE_WIN32_FALSE=''
NATIVE_WIN32_TRUE='#'
NM='/usr/bin/nm -B'
NMEDIT=''
OBJDUMP='objdump'
OBJEXT='o'
OTOOL64=''
OTOOL=''
PACKAGE='init'
PACKAGE_BUGREPORT=''
PACKAGE_NAME='init'
PACKAGE_STRING='init 0.1'
PACKAGE_TARNAME='init'
PACKAGE_URL=''
PACKAGE_VERSION='0.1'
PATH_SEPARATOR=':'
PLATFORM_WIN32_FALSE=''
PLATFORM_WIN32_TRUE='#'
POFILES=''
POSUB='po'
PO_IN_DATADIR_FALSE=''
PO_IN_DATADIR_TRUE=''
RANLIB='ranlib'
SED='/bin/sed'
SET_MAKE=''
SHELL='/bin/bash'
STRIP='strip'
USE_NLS='yes'
VERSION='0.1'
XGETTEXT='/usr/bin/xgettext'
ac_ct_AR='ar'
ac_ct_CC='gcc'
ac_ct_CXX='g++'
ac_ct_DUMPBIN=''
am__EXEEXT_FALSE=''
am__EXEEXT_TRUE='#'
am__fastdepCC_FALSE='#'
am__fastdepCC_TRUE=''
am__fastdepCXX_FALSE='#'
am__fastdepCXX_TRUE=''
am__include='include'
am__isrc=' -I$(srcdir)'
am__leading_dot='.'
am__nodep='_no'
am__quote=''
am__tar='$${TAR-tar} chof - "$$tardir"'
am__untar='$${TAR-tar} xf -'
bindir='${exec_prefix}/bin'
build='i686-pc-linux-gnu'
build_alias=''
build_cpu='i686'
build_os='linux-gnu'
build_vendor='pc'
datadir='${datarootdir}'
datarootdir='${prefix}/share'
docdir='${datarootdir}/doc/${PACKAGE_TARNAME}'
dvidir='${docdir}'
exec_prefix='${prefix}'
host='i686-pc-linux-gnu'
host_alias=''
host_cpu='i686'
host_os='linux-gnu'
host_vendor='pc'
htmldir='${docdir}'
includedir='${prefix}/include'
infodir='${datarootdir}/info'
install_sh='${SHELL} /home/ibelow/iBelow/repository/init/install-sh'
intltool__v_merge_options_0='-q'
intltool__v_merge_options_='$(intltool__v_merge_options_$(AM_DEFAULT_VERBOSITY))'
libdir='${exec_prefix}/lib'
libexecdir='${exec_prefix}/libexec'
localedir='${datarootdir}/locale'
localstatedir='${prefix}/var'
mandir='${datarootdir}/man'
mkdir_p='$(MKDIR_P)'
oldincludedir='/usr/include'
pdfdir='${docdir}'
prefix='/usr/local'
program_transform_name='s,x,x,'
psdir='${docdir}'
sbindir='${exec_prefix}/sbin'
sharedstatedir='${prefix}/com'
sysconfdir='${prefix}/etc'
target_alias=''

## ----------- ##
## confdefs.h. ##
## ----------- ##

/* confdefs.h */
#define PACKAGE_NAME "init"
#define PACKAGE_TARNAME "init"
#define PACKAGE_VERSION "0.1"
#define PACKAGE_STRING "init 0.1"
#define PACKAGE_BUGREPORT ""
#define PACKAGE_URL ""
#define PACKAGE "init"
#define VERSION "0.1"
#define GETTEXT_PACKAGE "init"
#define STDC_HEADERS 1
#define HAVE_SYS_TYPES_H 1
#define HAVE_SYS_STAT_H 1
#define HAVE_STDLIB_H 1
#define HAVE_STRING_H 1
#define HAVE_MEMORY_H 1
#define HAVE_STRINGS_H 1
#define HAVE_INTTYPES_H 1
#define HAVE_STDINT_H 1
#define HAVE_UNISTD_H 1
#define HAVE_LOCALE_H 1
#define HAVE_LC_MESSAGES 1
#define HAVE_BIND_TEXTDOMAIN_CODESET 1
#define HAVE_GETTEXT 1
#define HAVE_DCGETTEXT 1
#define ENABLE_NLS 1
#define HAVE_DLFCN_H 1
#define LT_OBJDIR ".libs/"

configure: exit 0

## ---------------------- ##
## Running config.status. ##
## ---------------------- ##

This file was extended by init config.status 0.1, which was
generated by GNU Autoconf 2.69.  Invocation command line was

  CONFIG_FILES    = 
  CONFIG_HEADERS  = 
  CONFIG_LINKS    = 
  CONFIG_COMMANDS = 
  $ ./config.status config.h

on ibelow-desktop

config.status:1228: creating config.h
config.status:1394: config.h is unchanged
